0 info it worked if it ends with ok
1 verbose cli [ '/usr/local/Cellar/node/5.1.0/bin/node',
1 verbose cli   '/usr/local/bin/npm',
1 verbose cli   'run',
1 verbose cli   'tsc' ]
2 info using npm@3.6.0
3 info using node@v5.1.0
4 verbose run-script [ 'pretsc', 'tsc', 'posttsc' ]
5 info lifecycle angular2-starter@0.8.0~pretsc: angular2-starter@0.8.0
6 silly lifecycle angular2-starter@0.8.0~pretsc: no script for pretsc, continuing
7 info lifecycle angular2-starter@0.8.0~tsc: angular2-starter@0.8.0
8 verbose lifecycle angular2-starter@0.8.0~tsc: unsafe-perm in lifecycle true
9 verbose lifecycle angular2-starter@0.8.0~tsc: PATH: /usr/local/lib/node_modules/npm/bin/node-gyp-bin:/Users/ridomin/code/Angular2-JumpStart/node_modules/.bin:/Users/ridomin/bin/Sencha/Cmd/6.0.2.14/..:/Users/ridomin/.dnx/runtimes/dnx-coreclr-darwin-x64.1.0.0-rc1-final/bin:/Users/ridomin/.dnx/bin:/usr/local/bin:/usr/bin:/bin:/usr/sbin:/sbin:/Users/ridomin/Library/Android/android-sdk-macosx/tools/:/Users/ridomin/Library/Android/android-sdk-macosx/platform-tools/
10 verbose lifecycle angular2-starter@0.8.0~tsc: CWD: /Users/ridomin/code/Angular2-JumpStart
11 silly lifecycle angular2-starter@0.8.0~tsc: Args: [ '-c', 'tsc' ]
12 silly lifecycle angular2-starter@0.8.0~tsc: Returned: code: 2  signal: null
13 info lifecycle angular2-starter@0.8.0~tsc: Failed to exec tsc script
14 verbose stack Error: angular2-starter@0.8.0 tsc: `tsc`
14 verbose stack Exit status 2
14 verbose stack     at EventEmitter.<anonymous> (/usr/local/lib/node_modules/npm/lib/utils/lifecycle.js:232:16)
14 verbose stack     at emitTwo (events.js:87:13)
14 verbose stack     at EventEmitter.emit (events.js:172:7)
14 verbose stack     at ChildProcess.<anonymous> (/usr/local/lib/node_modules/npm/lib/utils/spawn.js:24:14)
14 verbose stack     at emitTwo (events.js:87:13)
14 verbose stack     at ChildProcess.emit (events.js:172:7)
14 verbose stack     at maybeClose (internal/child_process.js:818:16)
14 verbose stack     at Process.ChildProcess._handle.onexit (internal/child_process.js:211:5)
15 verbose pkgid angular2-starter@0.8.0
16 verbose cwd /Users/ridomin/code/Angular2-JumpStart
17 error Darwin 15.3.0
18 error argv "/usr/local/Cellar/node/5.1.0/bin/node" "/usr/local/bin/npm" "run" "tsc"
19 error node v5.1.0
20 error npm  v3.6.0
21 error code ELIFECYCLE
22 error angular2-starter@0.8.0 tsc: `tsc`
22 error Exit status 2
23 error Failed at the angular2-starter@0.8.0 tsc script 'tsc'.
23 error Make sure you have the latest version of node.js and npm installed.
23 error If you do, this is most likely a problem with the angular2-starter package,
23 error not with npm itself.
23 error Tell the author that this fails on your system:
23 error     tsc
23 error You can get information on how to open an issue for this project with:
23 error     npm bugs angular2-starter
23 error Or if that isn't available, you can get their info via:
23 error     npm owner ls angular2-starter
23 error There is likely additional logging output above.
24 verbose exit [ 1, true ]
